<?xml version="1.0" encoding="UTF-8"?>
<testng-results ignored="0" total="2" passed="2" failed="0" skipped="0">
  <reporter-output>
  </reporter-output>
  <suite started-at="2024-03-21T21:31:01 EET" name="Default suite" finished-at="2024-03-21T21:31:47 EET" duration-ms="45280">
    <groups>
    </groups>
    <test started-at="2024-03-21T21:31:01 EET" name="Default test" finished-at="2024-03-21T21:31:47 EET" duration-ms="45280">
      <class name="testCases.MainPageNG">
        <test-method is-config="true" signature="browserLaunch()[pri:0, instance:testCases.MainPageNG@53fe15ff]" started-at="2024-03-21T21:31:05 EET" name="browserLaunch" finished-at="2024-03-21T21:31:20 EET" duration-ms="15079" status="PASS">
          <reporter-output>
          </reporter-output>
        </test-method> <!-- browserLaunch -->
        <test-method signature="LoginTest(java.lang.String,java.lang.String)[pri:0, instance:testCases.MainPageNG@53fe15ff]" started-at="2024-03-21T21:31:20 EET" name="LoginTest" data-provider="credentialsData" finished-at="2024-03-21T21:31:23 EET" duration-ms="2859" status="PASS">
          <params>
            <param index="0">
              <value>
                <![CDATA[standard_user]]>
              </value>
            </param>
            <param index="1">
              <value>
                <![CDATA[secret_sauce]]>
              </value>
            </param>
          </params>
          <reporter-output>
          </reporter-output>
        </test-method> <!-- LoginTest -->
        <test-method is-config="true" signature="browserClose()[pri:0, instance:testCases.MainPageNG@53fe15ff]" started-at="2024-03-21T21:31:23 EET" name="browserClose" finished-at="2024-03-21T21:31:30 EET" duration-ms="6611" status="PASS">
          <reporter-output>
          </reporter-output>
        </test-method> <!-- browserClose -->
        <test-method is-config="true" signature="browserLaunch()[pri:0, instance:testCases.MainPageNG@53fe15ff]" started-at="2024-03-21T21:31:30 EET" name="browserLaunch" finished-at="2024-03-21T21:31:38 EET" duration-ms="8321" status="PASS">
          <reporter-output>
          </reporter-output>
        </test-method> <!-- browserLaunch -->
        <test-method signature="LoginTest(java.lang.String,java.lang.String)[pri:0, instance:testCases.MainPageNG@53fe15ff]" started-at="2024-03-21T21:31:38 EET" name="LoginTest" data-provider="credentialsData" finished-at="2024-03-21T21:31:41 EET" duration-ms="2819" status="PASS">
          <params>
            <param index="0">
              <value>
                <![CDATA[problem_user]]>
              </value>
            </param>
            <param index="1">
              <value>
                <![CDATA[secret_sauce]]>
              </value>
            </param>
          </params>
          <reporter-output>
          </reporter-output>
        </test-method> <!-- LoginTest -->
        <test-method is-config="true" signature="browserClose()[pri:0, instance:testCases.MainPageNG@53fe15ff]" started-at="2024-03-21T21:31:41 EET" name="browserClose" finished-at="2024-03-21T21:31:47 EET" duration-ms="5854" status="PASS">
          <reporter-output>
          </reporter-output>
        </test-method> <!-- browserClose -->
      </class> <!-- testCases.MainPageNG -->
    </test> <!-- Default test -->
  </suite> <!-- Default suite -->
</testng-results>
